2025-10-06 20:20:36,215 - __main__ - INFO - Starting Spam Detection Machine Learning Pipeline
2025-10-06 20:20:36,215 - __main__ - INFO - ============================================================
2025-10-06 20:20:36,215 - __main__ - INFO - ============================================================
2025-10-06 20:20:36,215 - __main__ - INFO - STEP 1: DATA COLLECTION AND PREPROCESSING
2025-10-06 20:20:36,215 - __main__ - INFO - ============================================================
2025-10-06 20:20:36,232 - __main__ - INFO - Running data collection...
2025-10-06 20:20:36,232 - data.collect - INFO - Starting data collection process...
2025-10-06 20:20:36,232 - __main__ - ERROR - Pipeline failed with error: [Errno 2] No such file or directory: 'utils/config.yaml'
2025-10-06 20:21:09,551 - __main__ - INFO - Starting Spam Detection Machine Learning Pipeline
2025-10-06 20:21:09,552 - __main__ - INFO - ============================================================
2025-10-06 20:21:09,552 - __main__ - INFO - ============================================================
2025-10-06 20:21:09,552 - __main__ - INFO - STEP 1: DATA COLLECTION AND PREPROCESSING
2025-10-06 20:21:09,552 - __main__ - INFO - ============================================================
2025-10-06 20:21:09,568 - __main__ - INFO - Running data collection...
2025-10-06 20:21:09,568 - data.collect - INFO - Starting data collection process...
2025-10-06 20:21:09,570 - data.collect - INFO - Downloading SMS Spam Collection dataset...
2025-10-06 20:21:10,937 - data.collect - ERROR - Error downloading SMS dataset: No CSV file found in the zip archive
2025-10-06 20:21:10,937 - data.collect - INFO - Creating sample SMS dataset...
2025-10-06 20:21:10,940 - data.collect - INFO - Creating sample email spam dataset...
2025-10-06 20:21:10,941 - data.collect - INFO - Normalizing labels...
2025-10-06 20:21:10,944 - data.collect - INFO - Label distribution: {'not_spam': 400, 'spam': 100}
2025-10-06 20:21:10,944 - data.collect - INFO - Normalizing labels...
2025-10-06 20:21:10,946 - data.collect - INFO - Label distribution: {'not_spam': 300, 'spam': 200}
2025-10-06 20:21:10,946 - data.collect - INFO - Combining datasets...
2025-10-06 20:21:10,948 - data.collect - INFO - Combined dataset: 1000 total messages
2025-10-06 20:21:10,949 - data.collect - INFO - Source distribution: {'sms': 500, 'email': 500}
2025-10-06 20:21:10,954 - data.collect - INFO - Raw data saved to ../outputs/raw_data.csv
2025-10-06 20:21:10,964 - __main__ - INFO - Running data preprocessing...
2025-10-06 20:21:10,964 - data.preprocess - INFO - Starting data preprocessing...
2025-10-06 20:21:10,966 - data.preprocess - INFO - Step 1: Cleaning text...
2025-10-06 20:21:10,972 - data.preprocess - INFO - Removed 0 empty messages
2025-10-06 20:21:10,972 - data.preprocess - INFO - Removing duplicates...
2025-10-06 20:21:10,972 - data.preprocess - INFO - Removed 963 duplicate messages (96.3%)
2025-10-06 20:21:10,972 - data.preprocess - INFO - Splitting data into train/validation/test sets...
2025-10-06 20:21:10,974 - data.preprocess - INFO - Data split completed:
2025-10-06 20:21:10,974 - data.preprocess - INFO -   Train: 25 messages (67.6%)
2025-10-06 20:21:10,974 - data.preprocess - INFO -   Validation: 6 messages (16.2%)
2025-10-06 20:21:10,974 - data.preprocess - INFO -   Test: 6 messages (16.2%)
2025-10-06 20:21:10,974 - data.preprocess - INFO -   Train label distribution: {'not_spam': 14, 'spam': 11}
2025-10-06 20:21:10,974 - data.preprocess - INFO -   Validation label distribution: {'not_spam': 3, 'spam': 3}
2025-10-06 20:21:10,974 - data.preprocess - INFO -   Test label distribution: {'spam': 3, 'not_spam': 3}
2025-10-06 20:21:10,975 - data.preprocess - INFO - Processed data saved:
2025-10-06 20:21:10,975 - data.preprocess - INFO -   Train: ../outputs/train.csv
2025-10-06 20:21:10,975 - data.preprocess - INFO -   Validation: ../outputs/val.csv
2025-10-06 20:21:10,975 - data.preprocess - INFO -   Test: ../outputs/test.csv
2025-10-06 20:21:10,975 - __main__ - INFO - Data pipeline completed successfully!
2025-10-06 20:21:10,975 - __main__ - INFO - ============================================================
2025-10-06 20:21:10,975 - __main__ - INFO - STEP 2: EXPLORATORY DATA ANALYSIS
2025-10-06 20:21:10,975 - __main__ - INFO - ============================================================
2025-10-06 20:21:10,979 - __main__ - INFO - Running exploratory data analysis...
2025-10-06 20:21:10,979 - data.eda - INFO - Starting exploratory data analysis...
2025-10-06 20:21:10,980 - data.eda - INFO - Creating comprehensive EDA report...
2025-10-06 20:21:10,980 - data.eda - INFO - Creating class distribution plot...
2025-10-06 20:21:11,335 - data.eda - INFO - Class distribution plot saved to ../outputs/eda/class_distribution.png
2025-10-06 20:21:42,241 - data.eda - INFO - Creating message length distribution plot...
2025-10-06 20:21:42,828 - data.eda - INFO - Message length distribution plot saved to ../outputs/eda/message_length_distribution.png
2025-10-06 20:22:11,528 - data.eda - INFO - Creating top words n-grams plot...
2025-10-06 20:22:11,964 - data.eda - INFO - Top words n-grams plot saved to ../outputs/eda/top_words.png
2025-10-06 20:22:35,904 - data.eda - INFO - Creating top chars n-grams plot...
2025-10-06 20:22:36,408 - data.eda - INFO - Top chars n-grams plot saved to ../outputs/eda/top_char_ngrams.png
2025-10-06 20:22:46,535 - data.eda - INFO - Analyzing text patterns...
2025-10-06 20:22:46,542 - data.eda - INFO - Text pattern analysis saved to ../outputs/eda/text_patterns.csv
2025-10-06 20:22:46,543 - data.eda - INFO - EDA completed successfully!
2025-10-06 20:22:46,543 - __main__ - INFO - EDA pipeline completed successfully!
2025-10-06 20:22:46,543 - __main__ - INFO - ============================================================
2025-10-06 20:22:46,543 - __main__ - INFO - STEP 3: MODEL TRAINING
2025-10-06 20:22:46,543 - __main__ - INFO - ============================================================
2025-10-06 20:22:46,567 - __main__ - INFO - Running model training...
2025-10-06 20:22:46,567 - models.train - INFO - Starting spam classifier training...
2025-10-06 20:22:46,569 - models.train - INFO - Loading preprocessed data...
2025-10-06 20:22:46,570 - models.train - INFO - Loaded data - Train: 25, Val: 6, Test: 6
2025-10-06 20:22:46,570 - models.train - INFO - Starting model training...
2025-10-06 20:22:46,570 - models.train - INFO - Creating model pipelines...
2025-10-06 20:22:46,570 - models.train - INFO - Creating TF-IDF vectorizers...
2025-10-06 20:22:46,570 - models.train - INFO - Training multinomial_nb...
2025-10-06 20:22:47,442 - models.train - INFO - multinomial_nb - CV Score: 0.6640, Val Score: 1.0000
2025-10-06 20:22:47,442 - models.train - INFO - Best params: {'classifier__alpha': 0.1}
2025-10-06 20:22:47,442 - models.train - INFO - Training logistic_regression...
2025-10-06 20:22:47,968 - models.train - INFO - logistic_regression - CV Score: 0.7040, Val Score: 1.0000
2025-10-06 20:22:47,968 - models.train - INFO - Best params: {'classifier__C': 0.5}
2025-10-06 20:22:47,968 - models.train - INFO - Training linear_svc...
2025-10-06 20:22:48,005 - models.train - INFO - linear_svc - CV Score: 0.6012, Val Score: 1.0000
2025-10-06 20:22:48,006 - models.train - INFO - Best params: {'classifier__C': 0.5}
2025-10-06 20:22:48,007 - models.train - INFO - Training completed successfully!
2025-10-06 20:22:48,007 - __main__ - INFO - Training pipeline completed successfully!
2025-10-06 20:22:48,007 - __main__ - INFO - ============================================================
2025-10-06 20:22:48,007 - __main__ - INFO - STEP 4: MODEL EVALUATION
2025-10-06 20:22:48,007 - __main__ - INFO - ============================================================
2025-10-06 20:22:48,009 - __main__ - INFO - Running model evaluation...
2025-10-06 20:22:48,009 - models.evaluate - INFO - Starting model evaluation...
2025-10-06 20:22:48,010 - models.evaluate - INFO - Evaluating multinomial_nb...
2025-10-06 20:22:48,019 - models.evaluate - INFO - multinomial_nb - Accuracy: 0.6667, F1: 0.5000, F1-Macro: 0.6250
2025-10-06 20:22:48,019 - models.evaluate - INFO - Evaluating logistic_regression...
2025-10-06 20:22:48,027 - models.evaluate - INFO - logistic_regression - Accuracy: 0.6667, F1: 0.5000, F1-Macro: 0.6250
2025-10-06 20:22:48,027 - models.evaluate - INFO - Evaluating linear_svc...
2025-10-06 20:22:48,035 - models.evaluate - INFO - linear_svc - Accuracy: 0.6667, F1: 0.5000, F1-Macro: 0.6250
2025-10-06 20:22:48,035 - models.evaluate - INFO - Creating comprehensive evaluation report...
2025-10-06 20:22:48,042 - models.evaluate - INFO - Creating model comparison plot...
2025-10-06 20:22:48,288 - models.evaluate - INFO - Model comparison plot saved to ../outputs/reports/model_comparison.png
2025-10-06 20:23:01,443 - models.evaluate - INFO - Creating ROC curves plot...
2025-10-06 20:23:01,661 - models.evaluate - INFO - ROC curves plot saved to ../outputs/reports/roc_curves.png
2025-10-06 20:23:05,274 - models.evaluate - INFO - Creating precision-recall curves plot...
2025-10-06 20:23:05,475 - models.evaluate - INFO - Precision-recall curves plot saved to ../outputs/reports/precision_recall_curves.png
2025-10-06 20:23:23,559 - models.evaluate - INFO - Evaluation results saved to ../outputs/reports/evaluation_results.csv
2025-10-06 20:23:23,563 - __main__ - INFO - Evaluation pipeline completed successfully!
2025-10-06 20:23:23,563 - __main__ - INFO - ============================================================
2025-10-06 20:23:23,563 - __main__ - INFO - STEP 5: CLUSTERING ANALYSIS
2025-10-06 20:23:23,563 - __main__ - INFO - ============================================================
2025-10-06 20:23:23,583 - __main__ - INFO - Running clustering analysis...
2025-10-06 20:23:23,583 - models.cluster - INFO - Starting spam clustering analysis...
2025-10-06 20:23:23,588 - models.cluster - INFO - Preparing spam data for clustering...
2025-10-06 20:23:23,589 - models.cluster - INFO - Found 17 spam messages for clustering
2025-10-06 20:23:23,589 - models.cluster - INFO - Starting K-Means clustering...
2025-10-06 20:23:23,589 - models.cluster - INFO - Creating TF-IDF vectorizer for clustering...
2025-10-06 20:23:23,590 - models.cluster - INFO - Vectorized 17 messages into 40 features
2025-10-06 20:23:23,590 - models.cluster - INFO - Clustering with k=5...
2025-10-06 20:23:23,634 - models.cluster - INFO - k=5 - Silhouette Score: 0.4360, Inertia: 5.42
2025-10-06 20:23:23,634 - models.cluster - INFO - Clustering with k=8...
2025-10-06 20:23:23,651 - models.cluster - INFO - k=8 - Silhouette Score: 0.5480, Inertia: 1.76
2025-10-06 20:23:23,651 - models.cluster - INFO - Clustering with k=12...
2025-10-06 20:23:23,677 - models.cluster - INFO - k=12 - Silhouette Score: 0.3913, Inertia: 0.31
2025-10-06 20:23:23,677 - models.cluster - INFO - Creating silhouette analysis plot...
2025-10-06 20:23:23,881 - models.cluster - INFO - Silhouette analysis plot saved to ../outputs/plots/clustering_silhouette_analysis.png
2025-10-06 20:23:27,618 - models.cluster - INFO - Creating inertia analysis plot...
2025-10-06 20:23:27,836 - models.cluster - INFO - Inertia analysis plot saved to ../outputs/plots/clustering_inertia_analysis.png
2025-10-06 20:23:30,805 - models.cluster - INFO - Creating cluster visualization for k=8...
2025-10-06 20:23:31,083 - models.cluster - INFO - Cluster visualization saved to ../outputs/plots/clustering_visualization_k8.png
2025-10-06 20:23:34,319 - models.cluster - INFO - Saving clustering results...
2025-10-06 20:23:34,321 - models.cluster - INFO - Silhouette scores saved to ../outputs/plots/clustering_silhouette_scores.csv
2025-10-06 20:23:34,324 - models.cluster - INFO - Top terms saved to ../outputs/plots/clustering_top_terms.csv
2025-10-06 20:23:34,324 - models.cluster - INFO - Clustering analysis completed!
2025-10-06 20:23:34,324 - __main__ - INFO - Clustering pipeline completed successfully!
2025-10-06 20:23:34,324 - __main__ - INFO - ============================================================
2025-10-06 20:23:34,324 - __main__ - INFO - STEP 6: TESTING PREDICTION TOOL
2025-10-06 20:23:34,324 - __main__ - INFO - ============================================================
2025-10-06 20:23:34,324 - __main__ - INFO - Testing prediction tool with sample messages...
2025-10-06 20:23:34,333 - models.predict - INFO - Loading model from ../outputs/models/spam_pipeline.joblib
2025-10-06 20:23:34,341 - __main__ - INFO - Prediction tool test completed successfully!
2025-10-06 20:23:34,341 - __main__ - INFO - ============================================================
2025-10-06 20:23:34,341 - __main__ - INFO - FINAL SUMMARY
2025-10-06 20:23:34,341 - __main__ - INFO - ============================================================
2025-10-06 20:23:34,345 - __main__ - INFO - Final summary saved to ../outputs/final_summary.txt
2025-10-06 20:23:34,345 - __main__ - INFO - ============================================================
2025-10-06 20:23:34,345 - __main__ - INFO - PIPELINE COMPLETED SUCCESSFULLY!
2025-10-06 20:23:34,345 - __main__ - INFO - ============================================================
2025-10-06 20:24:29,289 - __main__ - INFO - Loading model from ../outputs/models/spam_pipeline.joblib
2025-10-06 20:24:35,185 - __main__ - INFO - Loading model from ../outputs/models/spam_pipeline.joblib
2025-10-06 20:28:52,310 - __main__ - INFO - Starting Spam Detection Machine Learning Pipeline
2025-10-06 20:28:52,310 - __main__ - INFO - ============================================================
2025-10-06 20:28:52,310 - __main__ - INFO - ============================================================
2025-10-06 20:28:52,310 - __main__ - INFO - STEP 1: DATA COLLECTION AND PREPROCESSING
2025-10-06 20:28:52,311 - __main__ - INFO - ============================================================
2025-10-06 20:28:52,327 - __main__ - INFO - Running data collection...
2025-10-06 20:28:52,327 - data.collect - INFO - Starting data collection process...
2025-10-06 20:28:52,329 - data.collect - INFO - Downloading SMS Spam Collection dataset...
2025-10-06 20:28:53,498 - data.collect - ERROR - Error downloading SMS dataset: No CSV file found in the zip archive
2025-10-06 20:28:53,499 - data.collect - INFO - Creating sample SMS dataset...
2025-10-06 20:28:53,502 - data.collect - INFO - Creating sample email spam dataset...
2025-10-06 20:28:53,504 - data.collect - INFO - Normalizing labels...
2025-10-06 20:28:53,508 - data.collect - INFO - Label distribution: {'not_spam': 400, 'spam': 100}
2025-10-06 20:28:53,508 - data.collect - INFO - Normalizing labels...
2025-10-06 20:28:53,511 - data.collect - INFO - Label distribution: {'not_spam': 300, 'spam': 200}
2025-10-06 20:28:53,511 - data.collect - INFO - Combining datasets...
2025-10-06 20:28:53,513 - data.collect - INFO - Combined dataset: 1000 total messages
2025-10-06 20:28:53,513 - data.collect - INFO - Source distribution: {'sms': 500, 'email': 500}
2025-10-06 20:28:53,520 - data.collect - INFO - Raw data saved to /home/thepanable/innovation/outputs/raw_data.csv
2025-10-06 20:28:53,529 - __main__ - INFO - Running data preprocessing...
2025-10-06 20:28:53,529 - data.preprocess - INFO - Starting data preprocessing...
2025-10-06 20:28:53,530 - data.preprocess - INFO - Step 1: Cleaning text...
2025-10-06 20:28:53,536 - data.preprocess - INFO - Removed 0 empty messages
2025-10-06 20:28:53,536 - data.preprocess - INFO - Removing duplicates...
2025-10-06 20:28:53,536 - data.preprocess - INFO - Removed 963 duplicate messages (96.3%)
2025-10-06 20:28:53,536 - data.preprocess - INFO - Splitting data into train/validation/test sets...
2025-10-06 20:28:53,538 - data.preprocess - INFO - Data split completed:
2025-10-06 20:28:53,538 - data.preprocess - INFO -   Train: 25 messages (67.6%)
2025-10-06 20:28:53,538 - data.preprocess - INFO -   Validation: 6 messages (16.2%)
2025-10-06 20:28:53,538 - data.preprocess - INFO -   Test: 6 messages (16.2%)
2025-10-06 20:28:53,538 - data.preprocess - INFO -   Train label distribution: {'not_spam': 14, 'spam': 11}
2025-10-06 20:28:53,538 - data.preprocess - INFO -   Validation label distribution: {'not_spam': 3, 'spam': 3}
2025-10-06 20:28:53,538 - data.preprocess - INFO -   Test label distribution: {'spam': 3, 'not_spam': 3}
2025-10-06 20:28:53,539 - data.preprocess - INFO - Processed data saved:
2025-10-06 20:28:53,539 - data.preprocess - INFO -   Train: /home/thepanable/innovation/outputs/train.csv
2025-10-06 20:28:53,539 - data.preprocess - INFO -   Validation: /home/thepanable/innovation/outputs/val.csv
2025-10-06 20:28:53,539 - data.preprocess - INFO -   Test: /home/thepanable/innovation/outputs/test.csv
2025-10-06 20:28:53,539 - __main__ - INFO - Data pipeline completed successfully!
2025-10-06 20:28:53,539 - __main__ - INFO - ============================================================
2025-10-06 20:28:53,539 - __main__ - INFO - STEP 2: EXPLORATORY DATA ANALYSIS
2025-10-06 20:28:53,539 - __main__ - INFO - ============================================================
2025-10-06 20:28:53,542 - __main__ - INFO - Running exploratory data analysis...
2025-10-06 20:28:53,542 - data.eda - INFO - Starting exploratory data analysis...
2025-10-06 20:28:53,544 - data.eda - INFO - Creating comprehensive EDA report...
2025-10-06 20:28:53,544 - data.eda - INFO - Creating class distribution plot...
2025-10-06 20:28:53,854 - data.eda - INFO - Class distribution plot saved to /home/thepanable/innovation/outputs/eda/class_distribution.png
2025-10-06 20:28:55,933 - data.eda - INFO - Creating message length distribution plot...
2025-10-06 20:28:56,521 - data.eda - INFO - Message length distribution plot saved to /home/thepanable/innovation/outputs/eda/message_length_distribution.png
2025-10-06 20:28:57,936 - data.eda - INFO - Creating top words n-grams plot...
2025-10-06 20:28:58,377 - data.eda - INFO - Top words n-grams plot saved to /home/thepanable/innovation/outputs/eda/top_words.png
2025-10-06 20:28:58,853 - data.eda - INFO - Creating top chars n-grams plot...
2025-10-06 20:28:59,346 - data.eda - INFO - Top chars n-grams plot saved to /home/thepanable/innovation/outputs/eda/top_char_ngrams.png
2025-10-06 20:28:59,769 - data.eda - INFO - Analyzing text patterns...
2025-10-06 20:28:59,778 - data.eda - INFO - Text pattern analysis saved to /home/thepanable/innovation/outputs/eda/text_patterns.csv
2025-10-06 20:28:59,779 - data.eda - INFO - EDA completed successfully!
2025-10-06 20:28:59,779 - __main__ - INFO - EDA pipeline completed successfully!
2025-10-06 20:28:59,779 - __main__ - INFO - ============================================================
2025-10-06 20:28:59,779 - __main__ - INFO - STEP 3: MODEL TRAINING
2025-10-06 20:28:59,779 - __main__ - INFO - ============================================================
2025-10-06 20:28:59,796 - __main__ - INFO - Running model training...
2025-10-06 20:28:59,796 - models.train - INFO - Starting spam classifier training...
2025-10-06 20:28:59,798 - models.train - INFO - Loading preprocessed data...
2025-10-06 20:28:59,799 - models.train - INFO - Loaded data - Train: 25, Val: 6, Test: 6
2025-10-06 20:28:59,799 - models.train - INFO - Starting model training...
2025-10-06 20:28:59,799 - models.train - INFO - Creating model pipelines...
2025-10-06 20:28:59,799 - models.train - INFO - Creating TF-IDF vectorizers...
2025-10-06 20:28:59,799 - models.train - INFO - Training multinomial_nb...
2025-10-06 20:29:00,646 - models.train - INFO - multinomial_nb - CV Score: 0.6640, Val Score: 1.0000
2025-10-06 20:29:00,646 - models.train - INFO - Best params: {'classifier__alpha': 0.1}
2025-10-06 20:29:00,646 - models.train - INFO - Training logistic_regression...
2025-10-06 20:29:01,249 - models.train - INFO - logistic_regression - CV Score: 0.7040, Val Score: 1.0000
2025-10-06 20:29:01,249 - models.train - INFO - Best params: {'classifier__C': 0.5}
2025-10-06 20:29:01,249 - models.train - INFO - Training linear_svc...
2025-10-06 20:29:01,286 - models.train - INFO - linear_svc - CV Score: 0.6012, Val Score: 1.0000
2025-10-06 20:29:01,286 - models.train - INFO - Best params: {'classifier__C': 0.5}
2025-10-06 20:29:01,288 - models.train - INFO - Training completed successfully!
2025-10-06 20:29:01,288 - __main__ - INFO - Training pipeline completed successfully!
2025-10-06 20:29:01,288 - __main__ - INFO - ============================================================
2025-10-06 20:29:01,288 - __main__ - INFO - STEP 4: MODEL EVALUATION
2025-10-06 20:29:01,288 - __main__ - INFO - ============================================================
2025-10-06 20:29:01,290 - __main__ - INFO - Running model evaluation...
2025-10-06 20:29:01,290 - models.evaluate - INFO - Starting model evaluation...
2025-10-06 20:29:01,292 - models.evaluate - INFO - Evaluating multinomial_nb...
2025-10-06 20:29:01,300 - models.evaluate - INFO - multinomial_nb - Accuracy: 0.6667, F1: 0.5000, F1-Macro: 0.6250
2025-10-06 20:29:01,300 - models.evaluate - INFO - Evaluating logistic_regression...
2025-10-06 20:29:01,308 - models.evaluate - INFO - logistic_regression - Accuracy: 0.6667, F1: 0.5000, F1-Macro: 0.6250
2025-10-06 20:29:01,308 - models.evaluate - INFO - Evaluating linear_svc...
2025-10-06 20:29:01,316 - models.evaluate - INFO - linear_svc - Accuracy: 0.6667, F1: 0.5000, F1-Macro: 0.6250
2025-10-06 20:29:01,316 - models.evaluate - INFO - Creating comprehensive evaluation report...
2025-10-06 20:29:01,316 - models.evaluate - INFO - Creating model comparison plot...
2025-10-06 20:29:01,560 - models.evaluate - INFO - Model comparison plot saved to /home/thepanable/innovation/outputs/reports/model_comparison.png
2025-10-06 20:29:02,160 - models.evaluate - INFO - Creating ROC curves plot...
2025-10-06 20:29:02,367 - models.evaluate - INFO - ROC curves plot saved to /home/thepanable/innovation/outputs/reports/roc_curves.png
2025-10-06 20:29:02,863 - models.evaluate - INFO - Creating precision-recall curves plot...
2025-10-06 20:29:03,047 - models.evaluate - INFO - Precision-recall curves plot saved to /home/thepanable/innovation/outputs/reports/precision_recall_curves.png
2025-10-06 20:29:05,303 - models.evaluate - INFO - Evaluation results saved to /home/thepanable/innovation/outputs/reports/evaluation_results.csv
2025-10-06 20:29:05,304 - __main__ - INFO - Evaluation pipeline completed successfully!
2025-10-06 20:29:05,304 - __main__ - INFO - ============================================================
2025-10-06 20:29:05,304 - __main__ - INFO - STEP 5: CLUSTERING ANALYSIS
2025-10-06 20:29:05,304 - __main__ - INFO - ============================================================
2025-10-06 20:29:05,323 - __main__ - INFO - Running clustering analysis...
2025-10-06 20:29:05,323 - models.cluster - INFO - Starting spam clustering analysis...
2025-10-06 20:29:05,325 - models.cluster - INFO - Preparing spam data for clustering...
2025-10-06 20:29:05,325 - models.cluster - INFO - Found 17 spam messages for clustering
2025-10-06 20:29:05,325 - models.cluster - INFO - Starting K-Means clustering...
2025-10-06 20:29:05,325 - models.cluster - INFO - Creating TF-IDF vectorizer for clustering...
2025-10-06 20:29:05,326 - models.cluster - INFO - Vectorized 17 messages into 40 features
2025-10-06 20:29:05,326 - models.cluster - INFO - Clustering with k=5...
2025-10-06 20:29:05,359 - models.cluster - INFO - k=5 - Silhouette Score: 0.4360, Inertia: 5.42
2025-10-06 20:29:05,359 - models.cluster - INFO - Clustering with k=8...
2025-10-06 20:29:05,388 - models.cluster - INFO - k=8 - Silhouette Score: 0.5480, Inertia: 1.76
2025-10-06 20:29:05,388 - models.cluster - INFO - Clustering with k=12...
2025-10-06 20:29:05,423 - models.cluster - INFO - k=12 - Silhouette Score: 0.3913, Inertia: 0.31
2025-10-06 20:29:05,423 - models.cluster - INFO - Creating silhouette analysis plot...
2025-10-06 20:29:05,630 - models.cluster - INFO - Silhouette analysis plot saved to /home/thepanable/innovation/outputs/plots/clustering_silhouette_analysis.png
2025-10-06 20:29:06,092 - models.cluster - INFO - Creating inertia analysis plot...
2025-10-06 20:29:06,321 - models.cluster - INFO - Inertia analysis plot saved to /home/thepanable/innovation/outputs/plots/clustering_inertia_analysis.png
2025-10-06 20:29:07,742 - models.cluster - INFO - Creating cluster visualization for k=8...
2025-10-06 20:29:08,019 - models.cluster - INFO - Cluster visualization saved to /home/thepanable/innovation/outputs/plots/clustering_visualization_k8.png
2025-10-06 20:29:08,497 - models.cluster - INFO - Saving clustering results...
2025-10-06 20:29:08,499 - models.cluster - INFO - Silhouette scores saved to /home/thepanable/innovation/outputs/plots/clustering_silhouette_scores.csv
2025-10-06 20:29:08,501 - models.cluster - INFO - Top terms saved to /home/thepanable/innovation/outputs/plots/clustering_top_terms.csv
2025-10-06 20:29:08,501 - models.cluster - INFO - Clustering analysis completed!
2025-10-06 20:29:08,502 - __main__ - INFO - Clustering pipeline completed successfully!
2025-10-06 20:29:08,502 - __main__ - INFO - ============================================================
2025-10-06 20:29:08,502 - __main__ - INFO - STEP 6: TESTING PREDICTION TOOL
2025-10-06 20:29:08,502 - __main__ - INFO - ============================================================
2025-10-06 20:29:08,502 - __main__ - INFO - Testing prediction tool with sample messages...
2025-10-06 20:29:08,507 - models.predict - INFO - Loading model from /home/thepanable/innovation/outputs/models/spam_pipeline.joblib
2025-10-06 20:29:08,515 - __main__ - INFO - Prediction tool test completed successfully!
2025-10-06 20:29:08,515 - __main__ - INFO - ============================================================
2025-10-06 20:29:08,515 - __main__ - INFO - FINAL SUMMARY
2025-10-06 20:29:08,515 - __main__ - INFO - ============================================================
2025-10-06 20:29:08,517 - __main__ - INFO - Final summary saved to /home/thepanable/innovation/outputs/final_summary.txt
2025-10-06 20:29:08,517 - __main__ - INFO - ============================================================
2025-10-06 20:29:08,517 - __main__ - INFO - PIPELINE COMPLETED SUCCESSFULLY!
2025-10-06 20:29:08,517 - __main__ - INFO - ============================================================
2025-10-06 20:29:27,702 - __main__ - INFO - Loading model from /home/thepanable/innovation/outputs/models/spam_pipeline.joblib
